c:\users\radia_000\documents\visual studio 2010\projects\battleship pbl\battleship pbl\debug\vc100.pdb
c:\users\radia_000\documents\visual studio 2010\projects\battleship pbl\battleship pbl\debug\bttleship.obj
c:\users\chong\desktop\battleship pbl\battleship pbl\debug\bttleship.obj
c:\users\chong\desktop\battleship pbl\battleship pbl\debug\vc100.pdb
c:\users\radia_000\desktop\battleship pbl final\battleship pbl\debug\bttleship.obj
c:\users\radia_000\desktop\battleship pbl final\battleship pbl\debug\vc100.pdb
c:\users\radia_000\desktop\school\sp year sem 1\cp\battleship pbl final\battleship pbl\debug\bttleship.obj
c:\users\radia_000\desktop\school\sp year sem 1\cp\battleship pbl final\battleship pbl\debug\vc100.pdb
c:\users\radia_000\documents\visual studio 2010\projects\battleship pbl\debug\battleship pbl.ilk
c:\users\radia_000\documents\visual studio 2010\projects\battleship pbl\debug\battleship pbl.exe
c:\users\radia_000\documents\visual studio 2010\projects\battleship pbl\battleship pbl\debug\battleship pbl.exe.intermediate.manifest
c:\users\radia_000\documents\visual studio 2010\projects\battleship pbl\debug\battleship pbl.pdb
c:\users\chong\desktop\battleship pbl\debug\battleship pbl.ilk
c:\users\chong\desktop\battleship pbl\debug\battleship pbl.exe
c:\users\chong\desktop\battleship pbl\battleship pbl\debug\battleship pbl.exe.intermediate.manifest
c:\users\chong\desktop\battleship pbl\debug\battleship pbl.pdb
c:\users\radia_000\desktop\battleship pbl final\debug\battleship pbl.ilk
c:\users\radia_000\desktop\battleship pbl final\debug\battleship pbl.exe
c:\users\radia_000\desktop\battleship pbl final\battleship pbl\debug\battleship pbl.exe.intermediate.manifest
c:\users\radia_000\desktop\battleship pbl final\debug\battleship pbl.pdb
c:\users\radia_000\desktop\school\sp year sem 1\cp\battleship pbl final\debug\battleship pbl.ilk
c:\users\radia_000\desktop\school\sp year sem 1\cp\battleship pbl final\debug\battleship pbl.exe
c:\users\radia_000\desktop\school\sp year sem 1\cp\battleship pbl final\battleship pbl\debug\battleship pbl.exe.intermediate.manifest
c:\users\radia_000\desktop\school\sp year sem 1\cp\battleship pbl final\debug\battleship pbl.pdb
d:\battleship pbl final\battleship pbl\debug\battleship pbl.vcxprojresolveassemblyreference.cache
d:\battleship pbl final\battleship pbl\debug\bttleship.obj
d:\battleship pbl final\battleship pbl\debug\battleship pbl.write.1.tlog
d:\battleship pbl final\battleship pbl\debug\cl.command.1.tlog
d:\battleship pbl final\battleship pbl\debug\cl.read.1.tlog
d:\battleship pbl final\battleship pbl\debug\cl.write.1.tlog
d:\battleship pbl final\battleship pbl\debug\link.command.1.tlog
d:\battleship pbl final\battleship pbl\debug\link.read.1.tlog
d:\battleship pbl final\battleship pbl\debug\link.write.1.tlog
d:\battleship pbl final\battleship pbl\debug\mt.command.1.tlog
d:\battleship pbl final\battleship pbl\debug\mt.read.1.tlog
d:\battleship pbl final\battleship pbl\debug\mt.write.1.tlog
d:\battleship pbl final\battleship pbl\debug\battleship pbl.exe.intermediate.manifest
d:\battleship pbl final\battleship pbl\debug\vc100.idb
d:\battleship pbl final\battleship pbl\debug\vc100.pdb
d:\battleship pbl final\debug\battleship pbl.pdb
d:\battleship pbl final\debug\battleship pbl.exe
d:\battleship pbl final\debug\battleship pbl.ilk
